  [1m[35m (1.2ms)[0m  [1m[35mCREATE TABLE "schema_migrations" ("version" varchar NOT NULL PRIMARY KEY)[0m
  [1m[35m (1.0ms)[0m  [1m[35mCREATE TABLE "ar_internal_metadata" ("key" varchar NOT NULL PRIMARY KEY, "value" varchar, "created_at" datetime NOT NULL, "updated_at" datetime NOT NULL)[0m
  [1m[36mActiveRecord::SchemaMigration Load (0.1ms)[0m  [1m[34mSELECT "schema_migrations".* FROM "schema_migrations"[0m
Migrating to CreateUsers (20170322055053)
  [1m[35m (0.1ms)[0m  [1m[36mbegin transaction[0m
  [1m[35m (0.5ms)[0m  [1m[35mCREATE TABLE "users" ("id" INTEGER PRIMARY KEY AUTOINCREMENT NOT NULL, "username" varchar, "created_at" datetime NOT NULL, "updated_at" datetime NOT NULL)[0m
  [1m[35mSQL (0.2ms)[0m  [1m[32mINSERT INTO "schema_migrations" ("version") VALUES (?)[0m  [["version", "20170322055053"]]
  [1m[35m (0.8ms)[0m  [1m[36mcommit transaction[0m
Migrating to CreateMessages (20170322055142)
  [1m[35m (0.1ms)[0m  [1m[36mbegin transaction[0m
  [1m[35m (0.8ms)[0m  [1m[35mCREATE TABLE "messages" ("id" INTEGER PRIMARY KEY AUTOINCREMENT NOT NULL, "message" varchar, "user_id" integer, "created_at" datetime NOT NULL, "updated_at" datetime NOT NULL)[0m
  [1m[35m (0.1ms)[0m  [1m[34mselect sqlite_version(*)[0m
  [1m[35m (0.2ms)[0m  [1m[35mCREATE  INDEX "index_messages_on_user_id" ON "messages" ("user_id")[0m
  [1m[35mSQL (0.1ms)[0m  [1m[32mINSERT INTO "schema_migrations" ("version") VALUES (?)[0m  [["version", "20170322055142"]]
  [1m[35m (0.7ms)[0m  [1m[36mcommit transaction[0m
  [1m[36mActiveRecord::InternalMetadata Load (0.2ms)[0m  [1m[34mSELECT  "ar_internal_metadata".* FROM "ar_internal_metadata" WHERE "ar_internal_metadata"."key" = ? LIMIT ?[0m  [["key", :environment], ["LIMIT", 1]]
  [1m[35m (0.1ms)[0m  [1m[36mbegin transaction[0m
  [1m[35mSQL (0.4ms)[0m  [1m[32mINSERT INTO "ar_internal_metadata" ("key", "value", "created_at", "updated_at") VALUES (?, ?, ?, ?)[0m  [["key", "environment"], ["value", "development"], ["created_at", 2017-03-22 05:52:02 UTC], ["updated_at", 2017-03-22 05:52:02 UTC]]
  [1m[35m (0.9ms)[0m  [1m[36mcommit transaction[0m
  [1m[36mActiveRecord::SchemaMigration Load (0.2ms)[0m  [1m[34mSELECT "schema_migrations".* FROM "schema_migrations"[0m
  [1m[35m (0.3ms)[0m  [1m[34m            SELECT sql
            FROM sqlite_master
            WHERE name='index_messages_on_user_id' AND type='index'
            UNION ALL
            SELECT sql
            FROM sqlite_temp_master
            WHERE name='index_messages_on_user_id' AND type='index'
[0m
Started GET "/" for ::1 at 2017-03-21 22:54:50 -0700
Started GET "/" for ::1 at 2017-03-21 22:54:51 -0700
  [1m[36mActiveRecord::SchemaMigration Load (0.5ms)[0m  [1m[34mSELECT "schema_migrations".* FROM "schema_migrations"[0m
  [1m[36mActiveRecord::SchemaMigration Load (0.1ms)[0m  [1m[34mSELECT "schema_migrations".* FROM "schema_migrations"[0m
Processing by UsersController#new as HTML
Processing by UsersController#new as HTML
  Rendering users/new.html.erb within layouts/application
  Rendering users/new.html.erb within layouts/application
  Rendered users/new.html.erb within layouts/application (2.4ms)
  Rendered users/new.html.erb within layouts/application (0.1ms)
Completed 200 OK in 734ms (Views: 730.1ms | ActiveRecord: 0.0ms)


Completed 200 OK in 802ms (Views: 787.7ms | ActiveRecord: 0.0ms)


Started POST "/login" for ::1 at 2017-03-21 22:54:55 -0700
Processing by UsersController#login as HTML
  Parameters: {"authenticity_token"=>"kLtySTwwvYr9NYGQARdkvCxKdPoXKDx9ykhVb52Gdp+0QeY5ZKGghwXMHd+9YXQe9CmUTZr2X3lFovIC0jWNVw==", "username"=>"cjpakkie"}
  [1m[36mUser Load (0.6ms)[0m  [1m[34mSELECT  "users".* FROM "users" WHERE "users"."username" = ? LIMIT ?[0m  [["username", "cjpakkie"], ["LIMIT", 1]]
DEPRECATION WARNING: `redirect_to :back` is deprecated and will be removed from Rails 5.1. Please use `redirect_back(fallback_location: fallback_location)` where `fallback_location` represents the location to use if the request has no HTTP referer information. (called from login at /Users/CPakMac/Desktop/rubyonrails/rails/wall/app/controllers/users_controller.rb:13)
Redirected to http://localhost:3000/
Completed 302 Found in 14ms (ActiveRecord: 1.2ms)


Started GET "/" for ::1 at 2017-03-21 22:54:55 -0700
Processing by UsersController#new as HTML
  Rendering users/new.html.erb within layouts/application
  Rendered users/new.html.erb within layouts/application (0.8ms)
Completed 200 OK in 30ms (Views: 26.9ms | ActiveRecord: 0.0ms)


  [1m[35m (0.1ms)[0m  [1m[36mbegin transaction[0m
  [1m[36mUser Exists (0.6ms)[0m  [1m[34mSELECT  1 AS one FROM "users" WHERE "users"."username" = ? LIMIT ?[0m  [["username", "cjpakkie"], ["LIMIT", 1]]
  [1m[35mSQL (1.3ms)[0m  [1m[32mINSERT INTO "users" ("username", "created_at", "updated_at") VALUES (?, ?, ?)[0m  [["username", "cjpakkie"], ["created_at", 2017-03-22 05:55:36 UTC], ["updated_at", 2017-03-22 05:55:36 UTC]]
  [1m[35m (2.0ms)[0m  [1m[36mcommit transaction[0m
Started GET "/" for ::1 at 2017-03-21 22:55:41 -0700
Processing by UsersController#new as HTML
  Rendering users/new.html.erb within layouts/application
  Rendered users/new.html.erb within layouts/application (1.0ms)
Completed 200 OK in 32ms (Views: 30.1ms | ActiveRecord: 0.0ms)


Started POST "/login" for ::1 at 2017-03-21 22:55:43 -0700
Processing by UsersController#login as HTML
  Parameters: {"authenticity_token"=>"Wl8gZo1ciqN+0Fsgqcih915jMXtslUAYdrU85Za5ISB+pbQW1c2XroYpx28VvrFVhgDRzOFLIxz5X5uI2Qra6A==", "username"=>"cjpakkie"}
  [1m[36mUser Load (0.2ms)[0m  [1m[34mSELECT  "users".* FROM "users" WHERE "users"."username" = ? LIMIT ?[0m  [["username", "cjpakkie"], ["LIMIT", 1]]
Redirected to http://localhost:3000/messages
Completed 302 Found in 7ms (ActiveRecord: 0.5ms)


Started GET "/messages" for ::1 at 2017-03-21 22:55:43 -0700
Processing by MessagesController#index as HTML
  [1m[36mUser Load (0.4ms)[0m  [1m[34mSELECT  "users".* FROM "users" WHERE "users"."id" = ? LIMIT ?[0m  [["id", 1], ["LIMIT", 1]]
  Rendering messages/index.html.erb within layouts/application
  [1m[36mMessage Load (0.1ms)[0m  [1m[34mSELECT "messages".* FROM "messages"[0m
  Rendered messages/index.html.erb within layouts/application (2.9ms)
Completed 200 OK in 37ms (Views: 24.6ms | ActiveRecord: 0.8ms)


Started POST "/messages" for ::1 at 2017-03-21 22:55:47 -0700
Processing by MessagesController#create as HTML
  Parameters: {"authenticity_token"=>"qhBwO25skwAvP617zdXcg05gwG0+po8Npqyy1Ad0zpyO6uRLNv2ODdfGMTRxo8whlgMg2rN47AkpRhW5SMc1VA==", "message"=>{"message"=>"sup"}}
  [1m[36mUser Load (0.1ms)[0m  [1m[34mSELECT  "users".* FROM "users" WHERE "users"."id" = ? LIMIT ?[0m  [["id", 1], ["LIMIT", 1]]
  [1m[35m (0.1ms)[0m  [1m[36mbegin transaction[0m
  [1m[35m (0.1ms)[0m  [1m[31mrollback transaction[0m
DEPRECATION WARNING: `redirect_to :back` is deprecated and will be removed from Rails 5.1. Please use `redirect_back(fallback_location: fallback_location)` where `fallback_location` represents the location to use if the request has no HTTP referer information. (called from create at /Users/CPakMac/Desktop/rubyonrails/rails/wall/app/controllers/messages_controller.rb:15)
Redirected to http://localhost:3000/messages
Completed 302 Found in 60ms (ActiveRecord: 0.7ms)


Started GET "/messages" for ::1 at 2017-03-21 22:55:47 -0700
Processing by MessagesController#index as HTML
  [1m[36mUser Load (0.3ms)[0m  [1m[34mSELECT  "users".* FROM "users" WHERE "users"."id" = ? LIMIT ?[0m  [["id", 1], ["LIMIT", 1]]
  Rendering messages/index.html.erb within layouts/application
  [1m[36mMessage Load (0.1ms)[0m  [1m[34mSELECT "messages".* FROM "messages"[0m
  Rendered messages/index.html.erb within layouts/application (1.8ms)
Completed 200 OK in 29ms (Views: 26.4ms | ActiveRecord: 0.4ms)


Started POST "/messages" for ::1 at 2017-03-21 22:55:53 -0700
Processing by MessagesController#create as HTML
  Parameters: {"authenticity_token"=>"3mf4JhCOzPI9aVnvNQzIzzTvnsdjEdcJVzkKtYR8v5r6nWxWSB/R/8WQxaCJetht7Ix+cO7PtA3Y063Yy89EUg==", "message"=>{"message"=>"Hello my name is Chris"}}
  [1m[36mUser Load (0.3ms)[0m  [1m[34mSELECT  "users".* FROM "users" WHERE "users"."id" = ? LIMIT ?[0m  [["id", 1], ["LIMIT", 1]]
  [1m[35m (0.1ms)[0m  [1m[36mbegin transaction[0m
  [1m[35mSQL (6.8ms)[0m  [1m[32mINSERT INTO "messages" ("message", "user_id", "created_at", "updated_at") VALUES (?, ?, ?, ?)[0m  [["message", "Hello my name is Chris"], ["user_id", 1], ["created_at", 2017-03-22 05:55:53 UTC], ["updated_at", 2017-03-22 05:55:53 UTC]]
  [1m[35m (1.6ms)[0m  [1m[36mcommit transaction[0m
DEPRECATION WARNING: `redirect_to :back` is deprecated and will be removed from Rails 5.1. Please use `redirect_back(fallback_location: fallback_location)` where `fallback_location` represents the location to use if the request has no HTTP referer information. (called from create at /Users/CPakMac/Desktop/rubyonrails/rails/wall/app/controllers/messages_controller.rb:12)
Redirected to http://localhost:3000/messages
Completed 302 Found in 17ms (ActiveRecord: 8.7ms)


Started GET "/messages" for ::1 at 2017-03-21 22:55:53 -0700
Processing by MessagesController#index as HTML
  [1m[36mUser Load (0.3ms)[0m  [1m[34mSELECT  "users".* FROM "users" WHERE "users"."id" = ? LIMIT ?[0m  [["id", 1], ["LIMIT", 1]]
  Rendering messages/index.html.erb within layouts/application
  [1m[36mMessage Load (0.2ms)[0m  [1m[34mSELECT "messages".* FROM "messages"[0m
  [1m[36mUser Load (0.1ms)[0m  [1m[34mSELECT "users".* FROM "users" WHERE "users"."id" = 1[0m
  Rendered messages/index.html.erb within layouts/application (10.4ms)
Completed 200 OK in 48ms (Views: 43.7ms | ActiveRecord: 0.7ms)


